<?xml version="1.0" encoding="UTF-8" ?>
<ServiceSetting>
	<api_url>http://localhost</api_url>
	<api_port>8080</api_port>
	<api_type>SOAP</api_type>
</ServiceSetting>